<?xml version="1.0" encoding="UTF-8"?>
<testng-results ignored="0" total="1" passed="1" failed="0" skipped="0">
  <reporter-output>
  </reporter-output>
  <suite started-at="2022-08-12T15:43:03 IST" name="Suite" finished-at="2022-08-12T15:43:20 IST" duration-ms="17264">
    <groups>
    </groups>
    <test started-at="2022-08-12T15:43:03 IST" name="chrome" finished-at="2022-08-12T15:43:20 IST" duration-ms="17264">
      <class name="base.TestScript">
        <test-method is-config="true" signature="beforeTest(java.lang.String)[pri:0, instance:base.TestScript@50b472aa]" started-at="2022-08-12T15:43:03 IST" name="beforeTest" finished-at="2022-08-12T15:43:13 IST" duration-ms="10103" status="PASS">
          <params>
            <param index="0">
              <value>
                <![CDATA[browserName1]]>
              </value>
            </param>
          </params>
          <reporter-output>
          </reporter-output>
        </test-method> <!-- beforeTest -->
        <test-method signature="prerequisite()[pri:1, instance:base.TestScript@50b472aa]" started-at="2022-08-12T15:43:13 IST" name="prerequisite" finished-at="2022-08-12T15:43:19 IST" duration-ms="6774" status="PASS">
          <reporter-output>
          </reporter-output>
        </test-method> <!-- prerequisite -->
        <test-method is-config="true" signature="afterMethod(org.testng.ITestResult)[pri:0, instance:base.TestScript@50b472aa]" started-at="2022-08-12T15:43:19 IST" name="afterMethod" finished-at="2022-08-12T15:43:19 IST" duration-ms="3" status="PASS">
          <params>
            <param index="0">
              <value>
                <![CDATA[[TestResult name=prerequisite status=SUCCESS method=TestScript.prerequisite()[pri:1, instance:base.TestScript@50b472aa] output={null}]]]>
              </value>
            </param>
          </params>
          <reporter-output>
          </reporter-output>
        </test-method> <!-- afterMethod -->
        <test-method is-config="true" signature="afterClass()[pri:0, instance:base.TestScript@50b472aa]" started-at="2022-08-12T15:43:19 IST" name="afterClass" finished-at="2022-08-12T15:43:20 IST" duration-ms="345" status="PASS">
          <reporter-output>
          </reporter-output>
        </test-method> <!-- afterClass -->
      </class> <!-- base.TestScript -->
    </test> <!-- chrome -->
  </suite> <!-- Suite -->
</testng-results>
